<?xml version="1.0" encoding="UTF-8"?>
<!-- Generated by org.testng.reporters.JUnitXMLReporter -->
<testsuite ignored="0" hostname="DESKTOP-R5T0OP1" failures="0" tests="4" name="Test Runner 2" time="0.122" errors="0" timestamp="2024-10-19T12:06:14 IST">
  <testcase classname="DistributedParallal.test4" name="demo1" time="0.019"/>
  <testcase classname="DistributedParallal.test4" name="demo2" time="0.007"/>
  <testcase classname="DistributedParallal.test3" name="demo1" time="0.001"/>
  <testcase classname="DistributedParallal.test3" name="demo2" time="0.003"/>
</testsuite> <!-- Test Runner 2 -->
