<?xml version="1.0" encoding="UTF-8"?>
<!-- Generated by org.testng.reporters.JUnitXMLReporter -->
<testsuite ignored="0" hostname="DESKTOP-R5T0OP1" failures="0" tests="4" name="Test Runner 1" time="0.128" errors="0" timestamp="2024-10-19T12:06:14 IST">
  <testcase classname="DistributedParallal.test2" name="demo1" time="0.019"/>
  <testcase classname="DistributedParallal.test2" name="demo2" time="0.007"/>
  <testcase classname="DistributedParallal.test1" name="demo1" time="0.005"/>
  <testcase classname="DistributedParallal.test1" name="demo2" time="0.002"/>
</testsuite> <!-- Test Runner 1 -->
