<?xml version="1.0" encoding="UTF-8"?>
<!-- Generated by org.testng.reporters.JUnitXMLReporter -->
<testsuite ignored="2" hostname="DESKTOP-R5T0OP1" failures="0" tests="9" name="Test" time="0.1" errors="0" timestamp="2024-10-17T13:33:02 IST">
  <testcase classname="GroupExecution.Test1" name="demo1" time="0.013"/>
  <testcase classname="GroupExecution.Test1" name="demo2" time="0.003"/>
  <testcase classname="GroupExecution.Test1" name="demo3" time="0.002"/>
  <testcase classname="GroupExecution.Test2" name="demo1" time="0.002"/>
  <testcase classname="GroupExecution.Test2" name="demo2" time="0.002"/>
  <testcase classname="GroupExecution.Test2" name="demo3" time="0.001"/>
  <testcase classname="GroupExecution.Test3" name="demo2" time="0.003"/>
  <testcase classname="GroupExecution.Test3" name="demo3" time="0.001"/>
  <testcase classname="GroupExecution.Test4" name="demo2" time="0.002"/>
  <testcase classname="GroupExecution.Test3" name="demo1" time="0.0">
    <ignored/>
  </testcase> <!-- demo1 -->
  <testcase classname="GroupExecution.Test4" name="demo1" time="0.0">
    <ignored/>
  </testcase> <!-- demo1 -->
</testsuite> <!-- Test -->
