<?xml version="1.0" encoding="UTF-8"?>
<!-- Generated by org.testng.reporters.JUnitXMLReporter -->
<testsuite ignored="0" hostname="DESKTOP-R5T0OP1" failures="0" tests="4" name="Test Runner 3" time="0.121" errors="0" timestamp="2024-10-19T12:06:14 IST">
  <testcase classname="DistributedParallal.test6" name="demo1" time="0.018"/>
  <testcase classname="DistributedParallal.test6" name="demo2" time="0.001"/>
  <testcase classname="DistributedParallal.test5" name="demo1" time="0.002"/>
  <testcase classname="DistributedParallal.test5" name="demo2" time="0.004"/>
</testsuite> <!-- Test Runner 3 -->
